\BOOKMARK [1][]{section.4}{1 Introduction}{}% 1
\BOOKMARK [1][]{section.5}{2 Convolutional Neural Networks}{}% 2
\BOOKMARK [2][]{subsection.6}{2.1 Structure}{section.5}% 3
\BOOKMARK [3][]{subsubsection.7}{2.1.1 Convolution}{subsection.6}% 4
\BOOKMARK [3][]{subsubsection.10}{2.1.2 Pooling}{subsection.6}% 5
\BOOKMARK [3][]{subsubsection.13}{2.1.3 Fully Connected}{subsection.6}% 6
\BOOKMARK [3][]{subsubsection.18}{2.1.4 Transposed Convolution}{subsection.6}% 7
\BOOKMARK [2][]{subsection.21}{2.2 Learning the Network}{section.5}% 8
\BOOKMARK [2][]{subsection.22}{2.3 VGG19}{section.5}% 9
\BOOKMARK [1][]{section.25}{3 ILSVRC 2014}{}% 10
\BOOKMARK [1][]{section.26}{4 Feature extraction}{}% 11
\BOOKMARK [1][]{section.29}{5 Nearest neighbor search}{}% 12
\BOOKMARK [1][]{section.30}{6 Methods}{}% 13
\BOOKMARK [2][]{subsection.31}{6.1 Image Stitching}{section.30}% 14
\BOOKMARK [3][]{subsubsection.32}{6.1.1 Finding the Best Image}{subsection.31}% 15
\BOOKMARK [3][]{subsubsection.33}{6.1.2 Transformation}{subsection.31}% 16
\BOOKMARK [3][]{subsubsection.34}{6.1.3 Stitching}{subsection.31}% 17
\BOOKMARK [2][]{subsection.35}{6.2 Variational Autoencoder}{section.30}% 18
\BOOKMARK [3][]{subsubsection.36}{6.2.1 Structure}{subsection.35}% 19
\BOOKMARK [3][]{subsubsection.37}{6.2.2 Basic Thought}{subsection.35}% 20
\BOOKMARK [3][]{subsubsection.38}{6.2.3 Generating images}{subsection.35}% 21
\BOOKMARK [3][]{subsubsection.39}{6.2.4 Extension to Classes}{subsection.35}% 22
\BOOKMARK [2][]{subsection.40}{6.3 Deep Feature Interpolation}{section.30}% 23
\BOOKMARK [3][]{subsubsection.41}{6.3.1 Overview}{subsection.40}% 24
\BOOKMARK [3][]{subsubsection.42}{6.3.2 Finding the Nearest Neighbors}{subsection.40}% 25
\BOOKMARK [3][]{subsubsection.43}{6.3.3 Difference Vector}{subsection.40}% 26
\BOOKMARK [3][]{subsubsection.44}{6.3.4 Image Reconstruction}{subsection.40}% 27
\BOOKMARK [1][]{section.45}{7 Experiments and Results}{}% 28
\BOOKMARK [2][]{subsection.46}{7.1 Datasets}{section.45}% 29
\BOOKMARK [2][]{subsection.47}{7.2 Structures of networks}{section.45}% 30
\BOOKMARK [3][]{subsubsection.48}{7.2.1 MNIST classification network}{subsection.47}% 31
\BOOKMARK [3][]{subsubsection.51}{7.2.2 VAE on MNIST}{subsection.47}% 32
\BOOKMARK [3][]{subsubsection.52}{7.2.3 VAE on labeled faces in the wild}{subsection.47}% 33
\BOOKMARK [3][]{subsubsection.57}{7.2.4 VGG-19}{subsection.47}% 34
\BOOKMARK [2][]{subsection.60}{7.3 Image Stitching}{section.45}% 35
\BOOKMARK [2][]{subsection.63}{7.4 Variational Autoencoder}{section.45}% 36
\BOOKMARK [2][]{subsection.76}{7.5 Deep Feature Interpolation}{section.45}% 37
\BOOKMARK [2][]{subsection.79}{7.6 Comparison}{section.45}% 38
\BOOKMARK [1][]{subsection.79}{Literature}{}% 39
