This is pdfTeX, Version 3.14159265-2.6-1.40.18 (TeX Live 2017/W32TeX) (preloaded format=pdflatex 2017.8.20)  17 JUL 2018 15:04
entering extended mode
 restricted \write18 enabled.
 file:line:error style messages enabled.
 %&-line parsing enabled.
**./seminararbeit.tex
(./seminararbeit.tex
LaTeX2e <2017-04-15>
Babel <3.12> and hyphenation patterns for 84 language(s) loaded.
(c:/texlive/2017/texmf-dist/tex/latex/base/article.cls
Document Class: article 2014/09/29 v1.4h Standard LaTeX document class
(c:/texlive/2017/texmf-dist/tex/latex/base/size11.clo
File: size11.clo 2014/09/29 v1.4h Standard LaTeX file (size option)
)
\c@part=\count79
\c@section=\count80
\c@subsection=\count81
\c@subsubsection=\count82
\c@paragraph=\count83
\c@subparagraph=\count84
\c@figure=\count85
\c@table=\count86
\abovecaptionskip=\skip41
\belowcaptionskip=\skip42
\bibindent=\dimen102
)
(c:/texlive/2017/texmf-dist/tex/generic/babel/babel.sty
Package: babel 2017/06/29 3.12 The Babel package

(c:/texlive/2017/texmf-dist/tex/generic/babel/switch.def
File: switch.def 2017/06/29 3.12 Babel switching mechanism
)
(c:/texlive/2017/texmf-dist/tex/generic/babel-english/USenglish.ldf
Language: USenglish 2017/06/06 v3.3r English support from the babel system

(c:/texlive/2017/texmf-dist/tex/generic/babel-english/english.ldf
Language: english 2017/06/06 v3.3r English support from the babel system

(c:/texlive/2017/texmf-dist/tex/generic/babel/babel.def
File: babel.def 2017/06/29 3.12 Babel common definitions

(c:/texlive/2017/texmf-dist/tex/generic/babel/switch.def
File: switch.def 2017/06/29 3.12 Babel switching mechanism
)
\babel@savecnt=\count87
\U@D=\dimen103
)
\l@canadian = a dialect from \language\l@american 
\l@australian = a dialect from \language\l@british 
\l@newzealand = a dialect from \language\l@british 
))
(c:/texlive/2017/texmf-dist/tex/generic/babel-german/ngerman.ldf
Language: ngerman 2016/11/02 v2.9 German support for babel (new orthography)

(c:/texlive/2017/texmf-dist/tex/generic/babel-german/ngermanb.ldf
Language: ngermanb 2016/11/02 v2.9 German support for babel (new orthography)
Package babel Info: Making " an active character on input line 125.
)))
(c:/texlive/2017/texmf-dist/tex/latex/base/inputenc.sty
Package: inputenc 2015/03/17 v1.2c Input encoding file
\inpenc@prehook=\toks14
\inpenc@posthook=\toks15

(c:/texlive/2017/texmf-dist/tex/latex/base/utf8.def
File: utf8.def 2017/01/28 v1.1t UTF-8 support for inputenc
Now handling font encoding OML ...
... no UTF-8 mapping file for font encoding OML
Now handling font encoding T1 ...
... processing UTF-8 mapping file for font encoding T1

(c:/texlive/2017/texmf-dist/tex/latex/base/t1enc.dfu
File: t1enc.dfu 2017/01/28 v1.1t UTF-8 support for inputenc
   defining Unicode char U+00A0 (decimal 160)
   defining Unicode char U+00A1 (decimal 161)
   defining Unicode char U+00A3 (decimal 163)
   defining Unicode char U+00AB (decimal 171)
   defining Unicode char U+00AD (decimal 173)
   defining Unicode char U+00BB (decimal 187)
   defining Unicode char U+00BF (decimal 191)
   defining Unicode char U+00C0 (decimal 192)
   defining Unicode char U+00C1 (decimal 193)
   defining Unicode char U+00C2 (decimal 194)
   defining Unicode char U+00C3 (decimal 195)
   defining Unicode char U+00C4 (decimal 196)
   defining Unicode char U+00C5 (decimal 197)
   defining Unicode char U+00C6 (decimal 198)
   defining Unicode char U+00C7 (decimal 199)
   defining Unicode char U+00C8 (decimal 200)
   defining Unicode char U+00C9 (decimal 201)
   defining Unicode char U+00CA (decimal 202)
   defining Unicode char U+00CB (decimal 203)
   defining Unicode char U+00CC (decimal 204)
   defining Unicode char U+00CD (decimal 205)
   defining Unicode char U+00CE (decimal 206)
   defining Unicode char U+00CF (decimal 207)
   defining Unicode char U+00D0 (decimal 208)
   defining Unicode char U+00D1 (decimal 209)
   defining Unicode char U+00D2 (decimal 210)
   defining Unicode char U+00D3 (decimal 211)
   defining Unicode char U+00D4 (decimal 212)
   defining Unicode char U+00D5 (decimal 213)
   defining Unicode char U+00D6 (decimal 214)
   defining Unicode char U+00D8 (decimal 216)
   defining Unicode char U+00D9 (decimal 217)
   defining Unicode char U+00DA (decimal 218)
   defining Unicode char U+00DB (decimal 219)
   defining Unicode char U+00DC (decimal 220)
   defining Unicode char U+00DD (decimal 221)
   defining Unicode char U+00DE (decimal 222)
   defining Unicode char U+00DF (decimal 223)
   defining Unicode char U+00E0 (decimal 224)
   defining Unicode char U+00E1 (decimal 225)
   defining Unicode char U+00E2 (decimal 226)
   defining Unicode char U+00E3 (decimal 227)
   defining Unicode char U+00E4 (decimal 228)
   defining Unicode char U+00E5 (decimal 229)
   defining Unicode char U+00E6 (decimal 230)
   defining Unicode char U+00E7 (decimal 231)
   defining Unicode char U+00E8 (decimal 232)
   defining Unicode char U+00E9 (decimal 233)
   defining Unicode char U+00EA (decimal 234)
   defining Unicode char U+00EB (decimal 235)
   defining Unicode char U+00EC (decimal 236)
   defining Unicode char U+00ED (decimal 237)
   defining Unicode char U+00EE (decimal 238)
   defining Unicode char U+00EF (decimal 239)
   defining Unicode char U+00F0 (decimal 240)
   defining Unicode char U+00F1 (decimal 241)
   defining Unicode char U+00F2 (decimal 242)
   defining Unicode char U+00F3 (decimal 243)
   defining Unicode char U+00F4 (decimal 244)
   defining Unicode char U+00F5 (decimal 245)
   defining Unicode char U+00F6 (decimal 246)
   defining Unicode char U+00F8 (decimal 248)
   defining Unicode char U+00F9 (decimal 249)
   defining Unicode char U+00FA (decimal 250)
   defining Unicode char U+00FB (decimal 251)
   defining Unicode char U+00FC (decimal 252)
   defining Unicode char U+00FD (decimal 253)
   defining Unicode char U+00FE (decimal 254)
   defining Unicode char U+00FF (decimal 255)
   defining Unicode char U+0100 (decimal 256)
   defining Unicode char U+0101 (decimal 257)
   defining Unicode char U+0102 (decimal 258)
   defining Unicode char U+0103 (decimal 259)
   defining Unicode char U+0104 (decimal 260)
   defining Unicode char U+0105 (decimal 261)
   defining Unicode char U+0106 (decimal 262)
   defining Unicode char U+0107 (decimal 263)
   defining Unicode char U+0108 (decimal 264)
   defining Unicode char U+0109 (decimal 265)
   defining Unicode char U+010A (decimal 266)
   defining Unicode char U+010B (decimal 267)
   defining Unicode char U+010C (decimal 268)
   defining Unicode char U+010D (decimal 269)
   defining Unicode char U+010E (decimal 270)
   defining Unicode char U+010F (decimal 271)
   defining Unicode char U+0110 (decimal 272)
   defining Unicode char U+0111 (decimal 273)
   defining Unicode char U+0112 (decimal 274)
   defining Unicode char U+0113 (decimal 275)
   defining Unicode char U+0114 (decimal 276)
   defining Unicode char U+0115 (decimal 277)
   defining Unicode char U+0116 (decimal 278)
   defining Unicode char U+0117 (decimal 279)
   defining Unicode char U+0118 (decimal 280)
   defining Unicode char U+0119 (decimal 281)
   defining Unicode char U+011A (decimal 282)
   defining Unicode char U+011B (decimal 283)
   defining Unicode char U+011C (decimal 284)
   defining Unicode char U+011D (decimal 285)
   defining Unicode char U+011E (decimal 286)
   defining Unicode char U+011F (decimal 287)
   defining Unicode char U+0120 (decimal 288)
   defining Unicode char U+0121 (decimal 289)
   defining Unicode char U+0122 (decimal 290)
   defining Unicode char U+0123 (decimal 291)
   defining Unicode char U+0124 (decimal 292)
   defining Unicode char U+0125 (decimal 293)
   defining Unicode char U+0128 (decimal 296)
   defining Unicode char U+0129 (decimal 297)
   defining Unicode char U+012A (decimal 298)
   defining Unicode char U+012B (decimal 299)
   defining Unicode char U+012C (decimal 300)
   defining Unicode char U+012D (decimal 301)
   defining Unicode char U+012E (decimal 302)
   defining Unicode char U+012F (decimal 303)
   defining Unicode char U+0130 (decimal 304)
   defining Unicode char U+0131 (decimal 305)
   defining Unicode char U+0132 (decimal 306)
   defining Unicode char U+0133 (decimal 307)
   defining Unicode char U+0134 (decimal 308)
   defining Unicode char U+0135 (decimal 309)
   defining Unicode char U+0136 (decimal 310)
   defining Unicode char U+0137 (decimal 311)
   defining Unicode char U+0139 (decimal 313)
   defining Unicode char U+013A (decimal 314)
   defining Unicode char U+013B (decimal 315)
   defining Unicode char U+013C (decimal 316)
   defining Unicode char U+013D (decimal 317)
   defining Unicode char U+013E (decimal 318)
   defining Unicode char U+0141 (decimal 321)
   defining Unicode char U+0142 (decimal 322)
   defining Unicode char U+0143 (decimal 323)
   defining Unicode char U+0144 (decimal 324)
   defining Unicode char U+0145 (decimal 325)
   defining Unicode char U+0146 (decimal 326)
   defining Unicode char U+0147 (decimal 327)
   defining Unicode char U+0148 (decimal 328)
   defining Unicode char U+014A (decimal 330)
   defining Unicode char U+014B (decimal 331)
   defining Unicode char U+014C (decimal 332)
   defining Unicode char U+014D (decimal 333)
   defining Unicode char U+014E (decimal 334)
   defining Unicode char U+014F (decimal 335)
   defining Unicode char U+0150 (decimal 336)
   defining Unicode char U+0151 (decimal 337)
   defining Unicode char U+0152 (decimal 338)
   defining Unicode char U+0153 (decimal 339)
   defining Unicode char U+0154 (decimal 340)
   defining Unicode char U+0155 (decimal 341)
   defining Unicode char U+0156 (decimal 342)
   defining Unicode char U+0157 (decimal 343)
   defining Unicode char U+0158 (decimal 344)
   defining Unicode char U+0159 (decimal 345)
   defining Unicode char U+015A (decimal 346)
   defining Unicode char U+015B (decimal 347)
   defining Unicode char U+015C (decimal 348)
   defining Unicode char U+015D (decimal 349)
   defining Unicode char U+015E (decimal 350)
   defining Unicode char U+015F (decimal 351)
   defining Unicode char U+0160 (decimal 352)
   defining Unicode char U+0161 (decimal 353)
   defining Unicode char U+0162 (decimal 354)
   defining Unicode char U+0163 (decimal 355)
   defining Unicode char U+0164 (decimal 356)
   defining Unicode char U+0165 (decimal 357)
   defining Unicode char U+0168 (decimal 360)
   defining Unicode char U+0169 (decimal 361)
   defining Unicode char U+016A (decimal 362)
   defining Unicode char U+016B (decimal 363)
   defining Unicode char U+016C (decimal 364)
   defining Unicode char U+016D (decimal 365)
   defining Unicode char U+016E (decimal 366)
   defining Unicode char U+016F (decimal 367)
   defining Unicode char U+0170 (decimal 368)
   defining Unicode char U+0171 (decimal 369)
   defining Unicode char U+0172 (decimal 370)
   defining Unicode char U+0173 (decimal 371)
   defining Unicode char U+0174 (decimal 372)
   defining Unicode char U+0175 (decimal 373)
   defining Unicode char U+0176 (decimal 374)
   defining Unicode char U+0177 (decimal 375)
   defining Unicode char U+0178 (decimal 376)
   defining Unicode char U+0179 (decimal 377)
   defining Unicode char U+017A (decimal 378)
   defining Unicode char U+017B (decimal 379)
   defining Unicode char U+017C (decimal 380)
   defining Unicode char U+017D (decimal 381)
   defining Unicode char U+017E (decimal 382)
   defining Unicode char U+01CD (decimal 461)
   defining Unicode char U+01CE (decimal 462)
   defining Unicode char U+01CF (decimal 463)
   defining Unicode char U+01D0 (decimal 464)
   defining Unicode char U+01D1 (decimal 465)
   defining Unicode char U+01D2 (decimal 466)
   defining Unicode char U+01D3 (decimal 467)
   defining Unicode char U+01D4 (decimal 468)
   defining Unicode char U+01E2 (decimal 482)
   defining Unicode char U+01E3 (decimal 483)
   defining Unicode char U+01E6 (decimal 486)
   defining Unicode char U+01E7 (decimal 487)
   defining Unicode char U+01E8 (decimal 488)
   defining Unicode char U+01E9 (decimal 489)
   defining Unicode char U+01EA (decimal 490)
   defining Unicode char U+01EB (decimal 491)
   defining Unicode char U+01F0 (decimal 496)
   defining Unicode char U+01F4 (decimal 500)
   defining Unicode char U+01F5 (decimal 501)
   defining Unicode char U+0218 (decimal 536)
   defining Unicode char U+0219 (decimal 537)
   defining Unicode char U+021A (decimal 538)
   defining Unicode char U+021B (decimal 539)
   defining Unicode char U+0232 (decimal 562)
   defining Unicode char U+0233 (decimal 563)
   defining Unicode char U+1E02 (decimal 7682)
   defining Unicode char U+1E03 (decimal 7683)
   defining Unicode char U+200C (decimal 8204)
   defining Unicode char U+2010 (decimal 8208)
   defining Unicode char U+2011 (decimal 8209)
   defining Unicode char U+2012 (decimal 8210)
   defining Unicode char U+2013 (decimal 8211)
   defining Unicode char U+2014 (decimal 8212)
   defining Unicode char U+2015 (decimal 8213)
   defining Unicode char U+2018 (decimal 8216)
   defining Unicode char U+2019 (decimal 8217)
   defining Unicode char U+201A (decimal 8218)
   defining Unicode char U+201C (decimal 8220)
   defining Unicode char U+201D (decimal 8221)
   defining Unicode char U+201E (decimal 8222)
   defining Unicode char U+2030 (decimal 8240)
   defining Unicode char U+2031 (decimal 8241)
   defining Unicode char U+2039 (decimal 8249)
   defining Unicode char U+203A (decimal 8250)
   defining Unicode char U+2423 (decimal 9251)
   defining Unicode char U+1E20 (decimal 7712)
   defining Unicode char U+1E21 (decimal 7713)
)
Now handling font encoding OT1 ...
... processing UTF-8 mapping file for font encoding OT1

(c:/texlive/2017/texmf-dist/tex/latex/base/ot1enc.dfu
File: ot1enc.dfu 2017/01/28 v1.1t UTF-8 support for inputenc
   defining Unicode char U+00A0 (decimal 160)
   defining Unicode char U+00A1 (decimal 161)
   defining Unicode char U+00A3 (decimal 163)
   defining Unicode char U+00AD (decimal 173)
   defining Unicode char U+00B8 (decimal 184)
   defining Unicode char U+00BF (decimal 191)
   defining Unicode char U+00C5 (decimal 197)
   defining Unicode char U+00C6 (decimal 198)
   defining Unicode char U+00D8 (decimal 216)
   defining Unicode char U+00DF (decimal 223)
   defining Unicode char U+00E6 (decimal 230)
   defining Unicode char U+00EC (decimal 236)
   defining Unicode char U+00ED (decimal 237)
   defining Unicode char U+00EE (decimal 238)
   defining Unicode char U+00EF (decimal 239)
   defining Unicode char U+00F8 (decimal 248)
   defining Unicode char U+0131 (decimal 305)
   defining Unicode char U+0141 (decimal 321)
   defining Unicode char U+0142 (decimal 322)
   defining Unicode char U+0152 (decimal 338)
   defining Unicode char U+0153 (decimal 339)
   defining Unicode char U+0174 (decimal 372)
   defining Unicode char U+0175 (decimal 373)
   defining Unicode char U+0176 (decimal 374)
   defining Unicode char U+0177 (decimal 375)
   defining Unicode char U+0218 (decimal 536)
   defining Unicode char U+0219 (decimal 537)
   defining Unicode char U+021A (decimal 538)
   defining Unicode char U+021B (decimal 539)
   defining Unicode char U+2013 (decimal 8211)
   defining Unicode char U+2014 (decimal 8212)
   defining Unicode char U+2018 (decimal 8216)
   defining Unicode char U+2019 (decimal 8217)
   defining Unicode char U+201C (decimal 8220)
   defining Unicode char U+201D (decimal 8221)
)
Now handling font encoding OMS ...
... processing UTF-8 mapping file for font encoding OMS

(c:/texlive/2017/texmf-dist/tex/latex/base/omsenc.dfu
File: omsenc.dfu 2017/01/28 v1.1t UTF-8 support for inputenc
   defining Unicode char U+00A7 (decimal 167)
   defining Unicode char U+00B6 (decimal 182)
   defining Unicode char U+00B7 (decimal 183)
   defining Unicode char U+2020 (decimal 8224)
   defining Unicode char U+2021 (decimal 8225)
   defining Unicode char U+2022 (decimal 8226)
)
Now handling font encoding OMX ...
... no UTF-8 mapping file for font encoding OMX
Now handling font encoding U ...
... no UTF-8 mapping file for font encoding U
   defining Unicode char U+00A9 (decimal 169)
   defining Unicode char U+00AA (decimal 170)
   defining Unicode char U+00AE (decimal 174)
   defining Unicode char U+00BA (decimal 186)
   defining Unicode char U+02C6 (decimal 710)
   defining Unicode char U+02DC (decimal 732)
   defining Unicode char U+200C (decimal 8204)
   defining Unicode char U+2026 (decimal 8230)
   defining Unicode char U+2122 (decimal 8482)
   defining Unicode char U+2423 (decimal 9251)
))
(c:/texlive/2017/texmf-dist/tex/latex/base/fontenc.sty
Package: fontenc 2017/04/05 v2.0i Standard LaTeX package

(c:/texlive/2017/texmf-dist/tex/latex/base/t1enc.def
File: t1enc.def 2017/04/05 v2.0i Standard LaTeX file
LaTeX Font Info:    Redeclaring font encoding T1 on input line 48.
))
(c:/texlive/2017/texmf-dist/tex/latex/url/url.sty
\Urlmuskip=\muskip10
Package: url 2013/09/16  ver 3.4  Verb mode for urls, etc.
)
(c:/texlive/2017/texmf-dist/tex/latex/hyperref/hyperref.sty
Package: hyperref 2017/03/14 v6.85a Hypertext links for LaTeX

(c:/texlive/2017/texmf-dist/tex/generic/oberdiek/hobsub-hyperref.sty
Package: hobsub-hyperref 2016/05/16 v1.14 Bundle oberdiek, subset hyperref (HO)


(c:/texlive/2017/texmf-dist/tex/generic/oberdiek/hobsub-generic.sty
Package: hobsub-generic 2016/05/16 v1.14 Bundle oberdiek, subset generic (HO)
Package: hobsub 2016/05/16 v1.14 Construct package bundles (HO)
Package: infwarerr 2016/05/16 v1.4 Providing info/warning/error messages (HO)
Package: ltxcmds 2016/05/16 v1.23 LaTeX kernel commands for general use (HO)
Package: ifluatex 2016/05/16 v1.4 Provides the ifluatex switch (HO)
Package ifluatex Info: LuaTeX not detected.
Package: ifvtex 2016/05/16 v1.6 Detect VTeX and its facilities (HO)
Package ifvtex Info: VTeX not detected.
Package: intcalc 2016/05/16 v1.2 Expandable calculations with integers (HO)
Package: ifpdf 2017/03/15 v3.2 Provides the ifpdf switch
Package: etexcmds 2016/05/16 v1.6 Avoid name clashes with e-TeX commands (HO)
Package etexcmds Info: Could not find \expanded.
(etexcmds)             That can mean that you are not using pdfTeX 1.50 or
(etexcmds)             that some package has redefined \expanded.
(etexcmds)             In the latter case, load this package earlier.
Package: kvsetkeys 2016/05/16 v1.17 Key value parser (HO)
Package: kvdefinekeys 2016/05/16 v1.4 Define keys (HO)
Package: pdftexcmds 2017/03/19 v0.25 Utility functions of pdfTeX for LuaTeX (HO
)
Package pdftexcmds Info: LuaTeX not detected.
Package pdftexcmds Info: \pdf@primitive is available.
Package pdftexcmds Info: \pdf@ifprimitive is available.
Package pdftexcmds Info: \pdfdraftmode found.
Package: pdfescape 2016/05/16 v1.14 Implements pdfTeX's escape features (HO)
Package: bigintcalc 2016/05/16 v1.4 Expandable calculations on big integers (HO
)
Package: bitset 2016/05/16 v1.2 Handle bit-vector datatype (HO)
Package: uniquecounter 2016/05/16 v1.3 Provide unlimited unique counter (HO)
)
Package hobsub Info: Skipping package `hobsub' (already loaded).
Package: letltxmacro 2016/05/16 v1.5 Let assignment for LaTeX macros (HO)
Package: hopatch 2016/05/16 v1.3 Wrapper for package hooks (HO)
Package: xcolor-patch 2016/05/16 xcolor patch
Package: atveryend 2016/05/16 v1.9 Hooks at the very end of document (HO)
Package atveryend Info: \enddocument detected (standard20110627).
Package: atbegshi 2016/06/09 v1.18 At begin shipout hook (HO)
Package: refcount 2016/05/16 v3.5 Data extraction from label references (HO)
Package: hycolor 2016/05/16 v1.8 Color options for hyperref/bookmark (HO)
)
(c:/texlive/2017/texmf-dist/tex/latex/graphics/keyval.sty
Package: keyval 2014/10/28 v1.15 key=value parser (DPC)
\KV@toks@=\toks16
)
(c:/texlive/2017/texmf-dist/tex/generic/ifxetex/ifxetex.sty
Package: ifxetex 2010/09/12 v0.6 Provides ifxetex conditional
)
(c:/texlive/2017/texmf-dist/tex/latex/oberdiek/auxhook.sty
Package: auxhook 2016/05/16 v1.4 Hooks for auxiliary files (HO)
)
(c:/texlive/2017/texmf-dist/tex/latex/oberdiek/kvoptions.sty
Package: kvoptions 2016/05/16 v3.12 Key value format for package options (HO)
)
\@linkdim=\dimen104
\Hy@linkcounter=\count88
\Hy@pagecounter=\count89

(c:/texlive/2017/texmf-dist/tex/latex/hyperref/pd1enc.def
File: pd1enc.def 2017/03/14 v6.85a Hyperref: PDFDocEncoding definition (HO)
Now handling font encoding PD1 ...
... no UTF-8 mapping file for font encoding PD1
)
\Hy@SavedSpaceFactor=\count90

(c:/texlive/2017/texmf-dist/tex/latex/latexconfig/hyperref.cfg
File: hyperref.cfg 2002/06/06 v1.2 hyperref configuration of TeXLive
)
Package hyperref Info: Option `bookmarks' set `true' on input line 4374.
Package hyperref Info: Option `colorlinks' set `true' on input line 4374.
Package hyperref Info: Option `pdfpagelabels' set `true' on input line 4374.
Package hyperref Info: Option `bookmarksopen' set `true' on input line 4374.
Package hyperref Info: Option `bookmarksnumbered' set `true' on input line 4374
.
Package hyperref Info: Option `plainpages' set `false' on input line 4374.
Package hyperref Info: Option `hypertexnames' set `false' on input line 4374.
Package hyperref Info: Hyper figures OFF on input line 4498.
Package hyperref Info: Link nesting OFF on input line 4503.
Package hyperref Info: Hyper index ON on input line 4506.
Package hyperref Info: Plain pages OFF on input line 4513.
Package hyperref Info: Backreferencing OFF on input line 4518.
Package hyperref Info: Implicit mode ON; LaTeX internals redefined.
Package hyperref Info: Bookmarks ON on input line 4751.
\c@Hy@tempcnt=\count91
LaTeX Info: Redefining \url on input line 5104.
\XeTeXLinkMargin=\dimen105
\Fld@menulength=\count92
\Field@Width=\dimen106
\Fld@charsize=\dimen107
Package hyperref Info: Hyper figures OFF on input line 6358.
Package hyperref Info: Link nesting OFF on input line 6363.
Package hyperref Info: Hyper index ON on input line 6366.
Package hyperref Info: backreferencing OFF on input line 6373.
Package hyperref Info: Link coloring ON on input line 6376.
Package hyperref Info: Link coloring with OCG OFF on input line 6383.
Package hyperref Info: PDF/A mode OFF on input line 6388.
LaTeX Info: Redefining \ref on input line 6428.
LaTeX Info: Redefining \pageref on input line 6432.
\Hy@abspage=\count93
\c@Item=\count94
\c@Hfootnote=\count95
)

Package hyperref Message: Driver (autodetected): hpdftex.

(c:/texlive/2017/texmf-dist/tex/latex/hyperref/hpdftex.def
File: hpdftex.def 2017/03/14 v6.85a Hyperref driver for pdfTeX
\Fld@listcount=\count96
\c@bookmark@seq@number=\count97

(c:/texlive/2017/texmf-dist/tex/latex/oberdiek/rerunfilecheck.sty
Package: rerunfilecheck 2016/05/16 v1.8 Rerun checks for auxiliary files (HO)
Package uniquecounter Info: New unique counter `rerunfilecheck' on input line 2
82.
)
\Hy@SectionHShift=\skip43
)
(c:/texlive/2017/texmf-dist/tex/latex/graphics/graphicx.sty
Package: graphicx 2017/06/01 v1.1a Enhanced LaTeX Graphics (DPC,SPQR)

(c:/texlive/2017/texmf-dist/tex/latex/graphics/graphics.sty
Package: graphics 2017/06/25 v1.2c Standard LaTeX Graphics (DPC,SPQR)

(c:/texlive/2017/texmf-dist/tex/latex/graphics/trig.sty
Package: trig 2016/01/03 v1.10 sin cos tan (DPC)
)
(c:/texlive/2017/texmf-dist/tex/latex/graphics-cfg/graphics.cfg
File: graphics.cfg 2016/06/04 v1.11 sample graphics configuration
)
Package graphics Info: Driver file: pdftex.def on input line 99.

(c:/texlive/2017/texmf-dist/tex/latex/graphics-def/pdftex.def
File: pdftex.def 2017/06/24 v1.0g Graphics/color driver for pdftex
))
\Gin@req@height=\dimen108
\Gin@req@width=\dimen109
)
(c:/texlive/2017/texmf-dist/tex/latex/setspace/setspace.sty
Package: setspace 2011/12/19 v6.7a set line spacing
)
(c:/texlive/2017/texmf-dist/tex/latex/natbib/natbib.sty
Package: natbib 2010/09/13 8.31b (PWD, AO)
\bibhang=\skip44
\bibsep=\skip45
LaTeX Info: Redefining \cite on input line 694.
\c@NAT@ctr=\count98
)
(c:/texlive/2017/texmf-dist/tex/latex/base/doc.sty
Package: doc 2016/02/15 v2.1g Standard LaTeX documentation package (FMi)
\c@StandardModuleDepth=\count99
\guard@level=\count100
\MacrocodeTopsep=\skip46
\MacroIndent=\dimen110
\macro@cnt=\count101
\MacroTopsep=\skip47
\index@excludelist=\toks17

(c:/texlive/2017/texmf-dist/tex/latex/tools/multicol.sty
Package: multicol 2017/04/11 v1.8q multicolumn formatting (FMi)
\c@tracingmulticols=\count102
\mult@box=\box26
\multicol@leftmargin=\dimen111
\c@unbalance=\count103
\c@collectmore=\count104
\doublecol@number=\count105
\multicoltolerance=\count106
\multicolpretolerance=\count107
\full@width=\dimen112
\page@free=\dimen113
\premulticols=\dimen114
\postmulticols=\dimen115
\multicolsep=\skip48
\multicolbaselineskip=\skip49
\partial@page=\box27
\last@line=\box28
\maxbalancingoverflow=\dimen116
\mult@rightbox=\box29
\mult@grightbox=\box30
\mult@gfirstbox=\box31
\mult@firstbox=\box32
\@tempa=\box33
\@tempa=\box34
\@tempa=\box35
\@tempa=\box36
\@tempa=\box37
\@tempa=\box38
\@tempa=\box39
\@tempa=\box40
\@tempa=\box41
\@tempa=\box42
\@tempa=\box43
\@tempa=\box44
\@tempa=\box45
\@tempa=\box46
\@tempa=\box47
\@tempa=\box48
\@tempa=\box49
\c@columnbadness=\count108
\c@finalcolumnbadness=\count109
\last@try=\dimen117
\multicolovershoot=\dimen118
\multicolundershoot=\dimen119
\mult@nat@firstbox=\box50
\colbreak@box=\box51
\mc@col@check@num=\count110
)
\IndexMin=\dimen120
\c@IndexColumns=\count111
\GlossaryMin=\dimen121
\c@GlossaryColumns=\count112
\check@sum=\count113
\bslash@cnt=\count114
\wrong@table=\toks18
\c@CodelineNo=\count115
)
(c:/texlive/2017/texmf-dist/tex/latex/csquotes/csquotes.sty
Package: csquotes 2017/03/11 v5.2b context-sensitive quotations (JAW)

(c:/texlive/2017/texmf-dist/tex/latex/etoolbox/etoolbox.sty
Package: etoolbox 2017/01/02 v2.4 e-TeX tools for LaTeX (JAW)
\etb@tempcnta=\count116
)
\csq@reset=\count117
\csq@gtype=\count118
\csq@glevel=\count119
\csq@qlevel=\count120
\csq@maxlvl=\count121
\csq@tshold=\count122
\csq@ltx@everypar=\toks19

(c:/texlive/2017/texmf-dist/tex/latex/csquotes/csquotes.def
File: csquotes.def 2017/03/11 v5.2b csquotes generic definitions (JAW)
)
Package csquotes Info: Trying to load configuration file 'csquotes.cfg'...
Package csquotes Info: ... configuration file loaded successfully.

(c:/texlive/2017/texmf-dist/tex/latex/csquotes/csquotes.cfg
File: csquotes.cfg 
))
(c:/texlive/2017/texmf-dist/tex/latex/stackengine/stackengine.sty
Package: stackengine 2017/02/13 v4.01\ Stacking text and objects in convenient 
ways

(c:/texlive/2017/texmf-dist/tex/generic/listofitems/listofitems.sty
(c:/texlive/2017/texmf-dist/tex/generic/listofitems/listofitems.tex
\loi_nestcnt=\count123
)
Package: listofitems 2016/11/18 v1.3 Grab items in lists using user-specified s
ep char
)
(c:/texlive/2017/texmf-dist/tex/latex/tools/calc.sty
Package: calc 2014/10/28 v4.3 Infix arithmetic (KKT,FJ)
\calc@Acount=\count124
\calc@Bcount=\count125
\calc@Adimen=\dimen122
\calc@Bdimen=\dimen123
\calc@Askip=\skip50
\calc@Bskip=\skip51
LaTeX Info: Redefining \setlength on input line 80.
LaTeX Info: Redefining \addtolength on input line 81.
\calc@Ccount=\count126
\calc@Cskip=\skip52
)
\c@@stackindex=\count127
\@boxshift=\skip53
\stack@tmplength=\skip54
\temp@stkl=\skip55
\@stackedboxwidth=\skip56
\@addedbox=\box52
\@anchorbox=\box53
\stackedbox=\box54
\@centerbox=\box55
\c@ROWcellindex@=\count128
)
(c:/texlive/2017/texmf-dist/tex/latex/amsmath/amsmath.sty
Package: amsmath 2016/11/05 v2.16a AMS math features
\@mathmargin=\skip57

For additional information on amsmath, use the `?' option.
(c:/texlive/2017/texmf-dist/tex/latex/amsmath/amstext.sty
Package: amstext 2000/06/29 v2.01 AMS text

(c:/texlive/2017/texmf-dist/tex/latex/amsmath/amsgen.sty
File: amsgen.sty 1999/11/30 v2.0 generic functions
\@emptytoks=\toks20
\ex@=\dimen124
))
(c:/texlive/2017/texmf-dist/tex/latex/amsmath/amsbsy.sty
Package: amsbsy 1999/11/29 v1.2d Bold Symbols
\pmbraise@=\dimen125
)
(c:/texlive/2017/texmf-dist/tex/latex/amsmath/amsopn.sty
Package: amsopn 2016/03/08 v2.02 operator names
)
\inf@bad=\count129
LaTeX Info: Redefining \frac on input line 213.
\uproot@=\count130
\leftroot@=\count131
LaTeX Info: Redefining \overline on input line 375.
\classnum@=\count132
\DOTSCASE@=\count133
LaTeX Info: Redefining \ldots on input line 472.
LaTeX Info: Redefining \dots on input line 475.
LaTeX Info: Redefining \cdots on input line 596.
\Mathstrutbox@=\box56
\strutbox@=\box57
\big@size=\dimen126
LaTeX Font Info:    Redeclaring font encoding OML on input line 712.
LaTeX Font Info:    Redeclaring font encoding OMS on input line 713.
\macc@depth=\count134
\c@MaxMatrixCols=\count135
\dotsspace@=\muskip11
\c@parentequation=\count136
\dspbrk@lvl=\count137
\tag@help=\toks21
\row@=\count138
\column@=\count139
\maxfields@=\count140
\andhelp@=\toks22
\eqnshift@=\dimen127
\alignsep@=\dimen128
\tagshift@=\dimen129
\tagwidth@=\dimen130
\totwidth@=\dimen131
\lineht@=\dimen132
\@envbody=\toks23
\multlinegap=\skip58
\multlinetaggap=\skip59
\mathdisplay@stack=\toks24
LaTeX Info: Redefining \[ on input line 2817.
LaTeX Info: Redefining \] on input line 2818.
)
(c:/texlive/2017/texmf-dist/tex/latex/tools/array.sty
Package: array 2016/10/06 v2.4d Tabular extension package (FMi)
\col@sep=\dimen133
\extrarowheight=\dimen134
\NC@list=\toks25
\extratabsurround=\skip60
\backup@length=\skip61
)
(c:/texlive/2017/texmf-dist/tex/latex/tools/verbatim.sty
Package: verbatim 2014/10/28 v1.5q LaTeX2e package for verbatim enhancements
\every@verbatim=\toks26
\verbatim@line=\toks27
\verbatim@in@stream=\read1
)
(c:/texlive/2017/texmf-dist/tex/latex/float/float.sty
Package: float 2001/11/08 v1.3d Float enhancements (AL)
\c@float@type=\count141
\float@exts=\toks28
\float@box=\box58
\@float@everytoks=\toks29
\@floatcapt=\box59
)
Package csquotes Info: Checking for multilingual support...
Package csquotes Info: ... found 'babel' package.
Package csquotes Info: Adjusting default style.
Package csquotes Info: Redefining alias 'default' -> 'ngerman'.
 (./seminararbeit.aux)
\openout1 = `seminararbeit.aux'.

LaTeX Font Info:    Checking defaults for OML/cmm/m/it on input line 90.
LaTeX Font Info:    ... okay on input line 90.
LaTeX Font Info:    Checking defaults for T1/cmr/m/n on input line 90.
LaTeX Font Info:    ... okay on input line 90.
LaTeX Font Info:    Checking defaults for OT1/cmr/m/n on input line 90.
LaTeX Font Info:    ... okay on input line 90.
LaTeX Font Info:    Checking defaults for OMS/cmsy/m/n on input line 90.
LaTeX Font Info:    ... okay on input line 90.
LaTeX Font Info:    Checking defaults for OMX/cmex/m/n on input line 90.
LaTeX Font Info:    ... okay on input line 90.
LaTeX Font Info:    Checking defaults for U/cmr/m/n on input line 90.
LaTeX Font Info:    ... okay on input line 90.
LaTeX Font Info:    Checking defaults for PD1/pdf/m/n on input line 90.
LaTeX Font Info:    ... okay on input line 90.
\AtBeginShipoutBox=\box60

(c:/texlive/2017/texmf-dist/tex/latex/graphics/color.sty
Package: color 2016/07/10 v1.1e Standard LaTeX Color (DPC)

(c:/texlive/2017/texmf-dist/tex/latex/graphics-cfg/color.cfg
File: color.cfg 2016/01/02 v1.6 sample color configuration
)
Package color Info: Driver file: pdftex.def on input line 147.
)
Package hyperref Info: Link coloring ON on input line 90.

(c:/texlive/2017/texmf-dist/tex/latex/hyperref/nameref.sty
Package: nameref 2016/05/21 v2.44 Cross-referencing by name of section

(c:/texlive/2017/texmf-dist/tex/generic/oberdiek/gettitlestring.sty
Package: gettitlestring 2016/05/16 v1.5 Cleanup title references (HO)
)
\c@section@level=\count142
)
LaTeX Info: Redefining \ref on input line 90.
LaTeX Info: Redefining \pageref on input line 90.
LaTeX Info: Redefining \nameref on input line 90.

(./seminararbeit.out) (./seminararbeit.out)
\@outlinefile=\write3
\openout3 = `seminararbeit.out'.


(c:/texlive/2017/texmf-dist/tex/context/base/mkii/supp-pdf.mkii
[Loading MPS to PDF converter (version 2006.09.02).]
\scratchcounter=\count143
\scratchdimen=\dimen135
\scratchbox=\box61
\nofMPsegments=\count144
\nofMParguments=\count145
\everyMPshowfont=\toks30
\MPscratchCnt=\count146
\MPscratchDim=\dimen136
\MPnumerator=\count147
\makeMPintoPDFobject=\count148
\everyMPtoPDFconversion=\toks31
) (c:/texlive/2017/texmf-dist/tex/latex/oberdiek/epstopdf-base.sty
Package: epstopdf-base 2016/05/15 v2.6 Base part for package epstopdf

(c:/texlive/2017/texmf-dist/tex/latex/oberdiek/grfext.sty
Package: grfext 2016/05/16 v1.2 Manage graphics extensions (HO)
)
Package epstopdf-base Info: Redefining graphics rule for `.eps' on input line 4
38.
Package grfext Info: Graphics extension search list:
(grfext)             [.pdf,.png,.jpg,.mps,.jpeg,.jbig2,.jb2,.PDF,.PNG,.JPG,.JPE
G,.JBIG2,.JB2,.eps]
(grfext)             \AppendGraphicsExtensions on input line 456.

(c:/texlive/2017/texmf-dist/tex/latex/latexconfig/epstopdf-sys.cfg
File: epstopdf-sys.cfg 2010/07/13 v1.3 Configuration of (r)epstopdf for TeX Liv
e
))
Package babel Info: Redefining ngerman shorthand "|
(babel)             in language append on input line 129.
Package babel Info: Redefining ngerman shorthand "~
(babel)             in language append on input line 129.
 [1

{c:/texlive/2017/texmf-var/fonts/map/pdftex/updmap/pdftex.map}]
<images/unterschrift.PNG, id=167, 650.43pt x 143.78719pt>
File: images/unterschrift.PNG Graphic file (type png)
<use images/unterschrift.PNG>
Package pdftex.def Info: images/unterschrift.PNG  used on input line 151. on in
put line 151.
Package pdftex.def Info: Requested size: 130.0837pt x 28.75693pt on input line 
151.
Package babel Info: Redefining ngerman shorthand "|
(babel)             in language append on input line 152.
Package babel Info: Redefining ngerman shorthand "~
(babel)             in language append on input line 152.
 [1 <./images/unterschrift.PNG>]
Package babel Info: Redefining ngerman shorthand "|
(babel)             in language append on input line 162.
Package babel Info: Redefining ngerman shorthand "~
(babel)             in language append on input line 162.
 [2] (./seminararbeit.toc
Package babel Info: Redefining ngerman shorthand "|
(babel)             in language append on input line 33.
Package babel Info: Redefining ngerman shorthand "~
(babel)             in language append on input line 33.
 [3])
\tf@toc=\write4
\openout4 = `seminararbeit.toc'.

Package babel Info: Redefining ngerman shorthand "|
(babel)             in language append on input line 166.
Package babel Info: Redefining ngerman shorthand "~
(babel)             in language append on input line 166.
 [4]
Package babel Info: Redefining ngerman shorthand "|
(babel)             in language append on input line 170.
Package babel Info: Redefining ngerman shorthand "~
(babel)             in language append on input line 170.
LaTeX Font Info:    Try loading font information for OMS+cmr on input line 175.


(c:/texlive/2017/texmf-dist/tex/latex/base/omscmr.fd
File: omscmr.fd 2014/09/29 v2.5h Standard LaTeX font definitions
)
LaTeX Font Info:    Font shape `OMS/cmr/m/n' in size <10.95> not available
(Font)              Font shape `OMS/cmsy/m/n' tried instead on input line 175.
Package babel Info: Redefining ngerman shorthand "|
(babel)             in language append on input line 189.
Package babel Info: Redefining ngerman shorthand "~
(babel)             in language append on input line 189.
 [1]
Package babel Info: Redefining ngerman shorthand "|
(babel)             in language append on input line 190.
Package babel Info: Redefining ngerman shorthand "~
(babel)             in language append on input line 190.
Package babel Info: Redefining ngerman shorthand "|
(babel)             in language append on input line 192.
Package babel Info: Redefining ngerman shorthand "~
(babel)             in language append on input line 192.
Package babel Info: Redefining ngerman shorthand "|
(babel)             in language append on input line 194.
Package babel Info: Redefining ngerman shorthand "~
(babel)             in language append on input line 194.
<images/1.JPG, id=237, 691.08188pt x 491.58656pt>
File: images/1.JPG Graphic file (type jpg)
<use images/1.JPG>
Package pdftex.def Info: images/1.JPG  used on input line 198. on input line 19
8.
Package pdftex.def Info: Requested size: 180.0pt x 128.03452pt on input line 19
8.
Package babel Info: Redefining ngerman shorthand "|
(babel)             in language append on input line 203.
Package babel Info: Redefining ngerman shorthand "~
(babel)             in language append on input line 203.
 [2]
Package babel Info: Redefining ngerman shorthand "|
(babel)             in language append on input line 204.
Package babel Info: Redefining ngerman shorthand "~
(babel)             in language append on input line 204.
<images/pooling.png, id=243, 604.2575pt x 282.05376pt>
File: images/pooling.png Graphic file (type png)
<use images/pooling.png>
Package pdftex.def Info: images/pooling.png  used on input line 209. on input l
ine 209.
Package pdftex.def Info: Requested size: 180.0pt x 84.01854pt on input line 209
.
Package babel Info: Redefining ngerman shorthand "|
(babel)             in language append on input line 215.
Package babel Info: Redefining ngerman shorthand "~
(babel)             in language append on input line 215.
Package babel Info: Redefining ngerman shorthand "|
(babel)             in language append on input line 218.
Package babel Info: Redefining ngerman shorthand "~
(babel)             in language append on input line 218.
 [3 <./images/1.JPG> <./images/pooling.png (PNG copy)>]
<images/fc-layer.png, id=252, 155.07938pt x 201.00093pt>
File: images/fc-layer.png Graphic file (type png)
<use images/fc-layer.png>
Package pdftex.def Info: images/fc-layer.png  used on input line 228. on input 
line 228.
Package pdftex.def Info: Requested size: 108.0011pt x 139.982pt on input line 2
28.
<images/multipleFC.png, id=253, 357.58594pt x 207.77625pt>
File: images/multipleFC.png Graphic file (type png)
<use images/multipleFC.png>
Package pdftex.def Info: images/multipleFC.png  used on input line 237. on inpu
t line 237.
Package pdftex.def Info: Requested size: 180.0pt x 104.58852pt on input line 23
7.
Package babel Info: Redefining ngerman shorthand "|
(babel)             in language append on input line 242.
Package babel Info: Redefining ngerman shorthand "~
(babel)             in language append on input line 242.
 [4 <./images/fc-layer.png>]
Package babel Info: Redefining ngerman shorthand "|
(babel)             in language append on input line 243.
Package babel Info: Redefining ngerman shorthand "~
(babel)             in language append on input line 243.
<images/tConv.png, id=265, 396.48125pt x 450.68375pt>
File: images/tConv.png Graphic file (type png)
<use images/tConv.png>
Package pdftex.def Info: images/tConv.png  used on input line 248. on input lin
e 248.
Package pdftex.def Info: Requested size: 143.9978pt x 163.68329pt on input line
 248.
Package babel Info: Redefining ngerman shorthand "|
(babel)             in language append on input line 254.
Package babel Info: Redefining ngerman shorthand "~
(babel)             in language append on input line 254.
Package babel Info: Redefining ngerman shorthand "|
(babel)             in language append on input line 256.
Package babel Info: Redefining ngerman shorthand "~
(babel)             in language append on input line 256.
 [5 <./images/multipleFC.png> <./images/tConv.png>]
Package babel Info: Redefining ngerman shorthand "|
(babel)             in language append on input line 257.
Package babel Info: Redefining ngerman shorthand "~
(babel)             in language append on input line 257.
<images/VGG19-orig.png, id=275, 947.54pt x 354.32375pt>
File: images/VGG19-orig.png Graphic file (type png)
<use images/VGG19-orig.png>
Package pdftex.def Info: images/VGG19-orig.png  used on input line 261. on inpu
t line 261.
Package pdftex.def Info: Requested size: 360.0pt x 134.61739pt on input line 26
1.
Package babel Info: Redefining ngerman shorthand "|
(babel)             in language append on input line 268.
Package babel Info: Redefining ngerman shorthand "~
(babel)             in language append on input line 268.
Package babel Info: Redefining ngerman shorthand "|
(babel)             in language append on input line 272.
Package babel Info: Redefining ngerman shorthand "~
(babel)             in language append on input line 272.
 [6 <./images/VGG19-orig.png>]
Underfull \hbox (badness 10000) in paragraph at lines 276--278

 []

Package babel Info: Redefining ngerman shorthand "|
(babel)             in language append on input line 279.
Package babel Info: Redefining ngerman shorthand "~
(babel)             in language append on input line 279.
<images/VGG19.png, id=284, 710.655pt x 265.74281pt>
File: images/VGG19.png Graphic file (type png)
<use images/VGG19.png>
Package pdftex.def Info: images/VGG19.png  used on input line 287. on input lin
e 287.
Package pdftex.def Info: Requested size: 360.0pt x 134.62279pt on input line 28
7.

Underfull \hbox (badness 10000) in paragraph at lines 280--291

 []

Package babel Info: Redefining ngerman shorthand "|
(babel)             in language append on input line 292.
Package babel Info: Redefining ngerman shorthand "~
(babel)             in language append on input line 292.
[7]
Package babel Info: Redefining ngerman shorthand "|
(babel)             in language append on input line 295.
Package babel Info: Redefining ngerman shorthand "~
(babel)             in language append on input line 295.
Package babel Info: Redefining ngerman shorthand "|
(babel)             in language append on input line 304.
Package babel Info: Redefining ngerman shorthand "~
(babel)             in language append on input line 304.
Package babel Info: Redefining ngerman shorthand "|
(babel)             in language append on input line 305.
Package babel Info: Redefining ngerman shorthand "~
(babel)             in language append on input line 305.
Package babel Info: Redefining ngerman shorthand "|
(babel)             in language append on input line 308.
Package babel Info: Redefining ngerman shorthand "~
(babel)             in language append on input line 308.
 [8 <./images/VGG19.png>]
Package babel Info: Redefining ngerman shorthand "|
(babel)             in language append on input line 312.
Package babel Info: Redefining ngerman shorthand "~
(babel)             in language append on input line 312.
Package babel Info: Redefining ngerman shorthand "|
(babel)             in language append on input line 328.
Package babel Info: Redefining ngerman shorthand "~
(babel)             in language append on input line 328.
Package babel Info: Redefining ngerman shorthand "|
(babel)             in language append on input line 330.
Package babel Info: Redefining ngerman shorthand "~
(babel)             in language append on input line 330.
 [9]
Package babel Info: Redefining ngerman shorthand "|
(babel)             in language append on input line 331.
Package babel Info: Redefining ngerman shorthand "~
(babel)             in language append on input line 331.
Package babel Info: Redefining ngerman shorthand "|
(babel)             in language append on input line 334.
Package babel Info: Redefining ngerman shorthand "~
(babel)             in language append on input line 334.
Package babel Info: Redefining ngerman shorthand "|
(babel)             in language append on input line 336.
Package babel Info: Redefining ngerman shorthand "~
(babel)             in language append on input line 336.
Package babel Info: Redefining ngerman shorthand "|
(babel)             in language append on input line 339.
Package babel Info: Redefining ngerman shorthand "~
(babel)             in language append on input line 339.
Package babel Info: Redefining ngerman shorthand "|
(babel)             in language append on input line 343.
Package babel Info: Redefining ngerman shorthand "~
(babel)             in language append on input line 343.
 [10]
Package babel Info: Redefining ngerman shorthand "|
(babel)             in language append on input line 355.
Package babel Info: Redefining ngerman shorthand "~
(babel)             in language append on input line 355.
Package babel Info: Redefining ngerman shorthand "|
(babel)             in language append on input line 363.
Package babel Info: Redefining ngerman shorthand "~
(babel)             in language append on input line 363.
 [11]
Package babel Info: Redefining ngerman shorthand "|
(babel)             in language append on input line 363.
Package babel Info: Redefining ngerman shorthand "~
(babel)             in language append on input line 363.
Package babel Info: Redefining ngerman shorthand "|
(babel)             in language append on input line 368.
Package babel Info: Redefining ngerman shorthand "~
(babel)             in language append on input line 368.
Package babel Info: Redefining ngerman shorthand "|
(babel)             in language append on input line 369.
Package babel Info: Redefining ngerman shorthand "~
(babel)             in language append on input line 369.

Underfull \hbox (badness 10000) in paragraph at lines 376--377

 []

Package babel Info: Redefining ngerman shorthand "|
(babel)             in language append on input line 382.
Package babel Info: Redefining ngerman shorthand "~
(babel)             in language append on input line 382.
[12]
Package babel Info: Redefining ngerman shorthand "|
(babel)             in language append on input line 391.
Package babel Info: Redefining ngerman shorthand "~
(babel)             in language append on input line 391.
Package babel Info: Redefining ngerman shorthand "|
(babel)             in language append on input line 396.
Package babel Info: Redefining ngerman shorthand "~
(babel)             in language append on input line 396.
Package babel Info: Redefining ngerman shorthand "|
(babel)             in language append on input line 412.
Package babel Info: Redefining ngerman shorthand "~
(babel)             in language append on input line 412.
 [13]
Package babel Info: Redefining ngerman shorthand "|
(babel)             in language append on input line 413.
Package babel Info: Redefining ngerman shorthand "~
(babel)             in language append on input line 413.
Package babel Info: Redefining ngerman shorthand "|
(babel)             in language append on input line 434.
Package babel Info: Redefining ngerman shorthand "~
(babel)             in language append on input line 434.
Package babel Info: Redefining ngerman shorthand "|
(babel)             in language append on input line 435.
Package babel Info: Redefining ngerman shorthand "~
(babel)             in language append on input line 435.
Package babel Info: Redefining ngerman shorthand "|
(babel)             in language append on input line 441.
Package babel Info: Redefining ngerman shorthand "~
(babel)             in language append on input line 441.
 [14]
Package babel Info: Redefining ngerman shorthand "|
(babel)             in language append on input line 447.
Package babel Info: Redefining ngerman shorthand "~
(babel)             in language append on input line 447.
Package babel Info: Redefining ngerman shorthand "|
(babel)             in language append on input line 449.
Package babel Info: Redefining ngerman shorthand "~
(babel)             in language append on input line 449.
<images/mnist_convet.png, id=327, 686.565pt x 305.14pt>
File: images/mnist_convet.png Graphic file (type png)
<use images/mnist_convet.png>
Package pdftex.def Info: images/mnist_convet.png  used on input line 452. on in
put line 452.
Package pdftex.def Info: Requested size: 180.0pt x 79.99568pt on input line 452
.
Package babel Info: Redefining ngerman shorthand "|
(babel)             in language append on input line 456.
Package babel Info: Redefining ngerman shorthand "~
(babel)             in language append on input line 456.
Package babel Info: Redefining ngerman shorthand "|
(babel)             in language append on input line 465.
Package babel Info: Redefining ngerman shorthand "~
(babel)             in language append on input line 465.
 [15 <./images/mnist_convet.png>]
Package babel Info: Redefining ngerman shorthand "|
(babel)             in language append on input line 470.
Package babel Info: Redefining ngerman shorthand "~
(babel)             in language append on input line 470.
<images/cifar10_encoder.png, id=335, 1044.90375pt x 287.0725pt>
File: images/cifar10_encoder.png Graphic file (type png)
<use images/cifar10_encoder.png>
Package pdftex.def Info: images/cifar10_encoder.png  used on input line 473. on
 input line 473.
Package pdftex.def Info: Requested size: 180.0pt x 49.44997pt on input line 473
.
<images/cifar10_decoder.png, id=336, 1069.9975pt x 271.0125pt>
File: images/cifar10_decoder.png Graphic file (type png)
<use images/cifar10_decoder.png>
Package pdftex.def Info: images/cifar10_decoder.png  used on input line 479. on
 input line 479.
Package pdftex.def Info: Requested size: 180.0pt x 45.58768pt on input line 479
.
Package babel Info: Redefining ngerman shorthand "|
(babel)             in language append on input line 484.
Package babel Info: Redefining ngerman shorthand "~
(babel)             in language append on input line 484.
File: images/VGG19-orig.png Graphic file (type png)
<use images/VGG19-orig.png>
Package pdftex.def Info: images/VGG19-orig.png  used on input line 487. on inpu
t line 487.
Package pdftex.def Info: Requested size: 180.0pt x 67.30598pt on input line 487
.
Package babel Info: Redefining ngerman shorthand "|
(babel)             in language append on input line 492.
Package babel Info: Redefining ngerman shorthand "~
(babel)             in language append on input line 492.
Package babel Info: Redefining ngerman shorthand "|
(babel)             in language append on input line 496.
Package babel Info: Redefining ngerman shorthand "~
(babel)             in language append on input line 496.
 [16 <./images/cifar10_encoder.png> <./images/cifar10_decoder.png>]
<images/stitching_final2.png, id=349, 792.71156pt x 195.73125pt>
File: images/stitching_final2.png Graphic file (type png)
<use images/stitching_final2.png>
Package pdftex.def Info: images/stitching_final2.png  used on input line 518. o
n input line 518.
Package pdftex.def Info: Requested size: 288.0011pt x 71.11128pt on input line 
518.
Package babel Info: Redefining ngerman shorthand "|
(babel)             in language append on input line 524.
Package babel Info: Redefining ngerman shorthand "~
(babel)             in language append on input line 524.
Package babel Info: Redefining ngerman shorthand "|
(babel)             in language append on input line 527.
Package babel Info: Redefining ngerman shorthand "~
(babel)             in language append on input line 527.
 [17 <./images/stitching_final2.png>]
<presentation_results/VAE/MNIST-VAE-useRandom_false-useMNIST_true-VAERepresenta
tion_3-useOccludedForTrain_false.png, id=357, 303.1325pt x 92.345pt>
File: presentation_results/VAE/MNIST-VAE-useRandom_false-useMNIST_true-VAERepre
sentation_3-useOccludedForTrain_false.png Graphic file (type png)
<use presentation_results/VAE/MNIST-VAE-useRandom_false-useMNIST_true-VAERepres
entation_3-useOccludedForTrain_false.png>
Package pdftex.def Info: presentation_results/VAE/MNIST-VAE-useRandom_false-use
MNIST_true-VAERepresentation_3-useOccludedForTrain_false.png  used on input lin
e 534. on input line 534.
Package pdftex.def Info: Requested size: 288.0011pt x 87.73709pt on input line 
534.
<presentation_results/VAE/MNIST-VAE-useRandom_true-useMNIST_true-VAERepresentat
ion_1-useOccludedForTrain_false.png, id=358, 303.1325pt x 92.345pt>
File: presentation_results/VAE/MNIST-VAE-useRandom_true-useMNIST_true-VAERepres
entation_1-useOccludedForTrain_false.png Graphic file (type png)
<use presentation_results/VAE/MNIST-VAE-useRandom_true-useMNIST_true-VAEReprese
ntation_1-useOccludedForTrain_false.png>
Package pdftex.def Info: presentation_results/VAE/MNIST-VAE-useRandom_true-useM
NIST_true-VAERepresentation_1-useOccludedForTrain_false.png  used on input line
 540. on input line 540.
Package pdftex.def Info: Requested size: 288.0011pt x 87.73709pt on input line 
540.
Package babel Info: Redefining ngerman shorthand "|
(babel)             in language append on input line 544.
Package babel Info: Redefining ngerman shorthand "~
(babel)             in language append on input line 544.

[18 <./presentation_results/VAE/MNIST-VAE-useRandom_false-useMNIST_true-VAERepr
esentation_3-useOccludedForTrain_false.png (PNG copy)>]
File: presentation_results/VAE/MNIST-VAE-useRandom_true-useMNIST_true-VAERepres
entation_1-useOccludedForTrain_false.png Graphic file (type png)
<use presentation_results/VAE/MNIST-VAE-useRandom_true-useMNIST_true-VAEReprese
ntation_1-useOccludedForTrain_false.png>
Package pdftex.def Info: presentation_results/VAE/MNIST-VAE-useRandom_true-useM
NIST_true-VAERepresentation_1-useOccludedForTrain_false.png  used on input line
 548. on input line 548.
Package pdftex.def Info: Requested size: 288.0011pt x 87.73709pt on input line 
548.
<presentation_results/VAE/MNIST-VAE-useRandom_true-useMNIST_true-VAERepresentat
ion_3-useOccludedForTrain_false.png, id=365, 303.1325pt x 92.345pt>
File: presentation_results/VAE/MNIST-VAE-useRandom_true-useMNIST_true-VAERepres
entation_3-useOccludedForTrain_false.png Graphic file (type png)
<use presentation_results/VAE/MNIST-VAE-useRandom_true-useMNIST_true-VAEReprese
ntation_3-useOccludedForTrain_false.png>
Package pdftex.def Info: presentation_results/VAE/MNIST-VAE-useRandom_true-useM
NIST_true-VAERepresentation_3-useOccludedForTrain_false.png  used on input line
 555. on input line 555.
Package pdftex.def Info: Requested size: 288.0011pt x 87.73709pt on input line 
555.
Package babel Info: Redefining ngerman shorthand "|
(babel)             in language append on input line 559.
Package babel Info: Redefining ngerman shorthand "~
(babel)             in language append on input line 559.
 [19 <./presentation_results/VAE/MNIST-VAE-useRandom_true-useMNIST_true-VAERepr
esentation_1-useOccludedForTrain_false.png (PNG copy)>]
<presentation_results/VAE/LFW-VAE-useRandom_false-useOccludedForTrain_True.png,
 id=374, 343.2825pt x 104.39pt>
File: presentation_results/VAE/LFW-VAE-useRandom_false-useOccludedForTrain_True
.png Graphic file (type png)
<use presentation_results/VAE/LFW-VAE-useRandom_false-useOccludedForTrain_True.
png>
Package pdftex.def Info: presentation_results/VAE/LFW-VAE-useRandom_false-useOc
cludedForTrain_True.png  used on input line 562. on input line 562.
Package pdftex.def Info: Requested size: 288.0011pt x 87.57866pt on input line 
562.

Underfull \hbox (badness 10000) in paragraph at lines 559--565

 []


Underfull \hbox (badness 10000) in paragraph at lines 559--565

 []

<presentation_results/VAE/LFW-VAE-useRandom_True-useOccludedForTrain_False.png,
 id=375, 343.2825pt x 104.39pt>
File: presentation_results/VAE/LFW-VAE-useRandom_True-useOccludedForTrain_False
.png Graphic file (type png)
<use presentation_results/VAE/LFW-VAE-useRandom_True-useOccludedForTrain_False.
png>
Package pdftex.def Info: presentation_results/VAE/LFW-VAE-useRandom_True-useOcc
ludedForTrain_False.png  used on input line 568. on input line 568.
Package pdftex.def Info: Requested size: 288.0011pt x 87.57866pt on input line 
568.
Package babel Info: Redefining ngerman shorthand "|
(babel)             in language append on input line 572.
Package babel Info: Redefining ngerman shorthand "~
(babel)             in language append on input line 572.
[20 <./presentation_results/VAE/MNIST-VAE-useRandom_true-useMNIST_true-VAERepre
sentation_3-useOccludedForTrain_false.png (PNG copy)> <./presentation_results/V
AE/LFW-VAE-useRandom_false-useOccludedForTrain_True.png (PNG copy)>]
Package babel Info: Redefining ngerman shorthand "|
(babel)             in language append on input line 577.
Package babel Info: Redefining ngerman shorthand "~
(babel)             in language append on input line 577.
<images/DFI-final2.png, id=385, 511.9125pt x 292.84406pt>
File: images/DFI-final2.png Graphic file (type png)
<use images/DFI-final2.png>
Package pdftex.def Info: images/DFI-final2.png  used on input line 594. on inpu
t line 594.
Package pdftex.def Info: Requested size: 288.0011pt x 164.75117pt on input line
 594.
Package babel Info: Redefining ngerman shorthand "|
(babel)             in language append on input line 598.
Package babel Info: Redefining ngerman shorthand "~
(babel)             in language append on input line 598.
 [21 <./presentation_results/VAE/LFW-VAE-useRandom_True-useOccludedForTrain_Fal
se.png (PNG copy)>]
Package babel Info: Redefining ngerman shorthand "|
(babel)             in language append on input line 598.
Package babel Info: Redefining ngerman shorthand "~
(babel)             in language append on input line 598.
Package babel Info: Redefining ngerman shorthand "|
(babel)             in language append on input line 605.
Package babel Info: Redefining ngerman shorthand "~
(babel)             in language append on input line 605.
 [22 <./images/DFI-final2.png>]
Package babel Info: Redefining ngerman shorthand "|
(babel)             in language append on input line 606.
Package babel Info: Redefining ngerman shorthand "~
(babel)             in language append on input line 606.
 (./seminararbeit.bbl
LaTeX Font Info:    Try loading font information for T1+cmtt on input line 9.

(c:/texlive/2017/texmf-dist/tex/latex/base/t1cmtt.fd
File: t1cmtt.fd 2014/09/29 v2.5h Standard LaTeX font definitions
))
Package atveryend Info: Empty hook `BeforeClearDocument' on input line 612.
Package babel Info: Redefining ngerman shorthand "|
(babel)             in language append on input line 612.
Package babel Info: Redefining ngerman shorthand "~
(babel)             in language append on input line 612.
 [23]
Package atveryend Info: Empty hook `AfterLastShipout' on input line 612.

(./seminararbeit.aux)
Package atveryend Info: Executing hook `AtVeryEndDocument' on input line 612.
Package atveryend Info: Executing hook `AtEndAfterFileList' on input line 612.
Package rerunfilecheck Info: File `seminararbeit.out' has not changed.
(rerunfilecheck)             Checksum: D6431BD470951C3C9D30CB815D79568C;2726.
Package atveryend Info: Empty hook `AtVeryVeryEnd' on input line 612.
 ) 
Here is how much of TeX's memory you used:
 8892 strings out of 492990
 126557 string characters out of 6136334
 237409 words of memory out of 5000000
 12173 multiletter control sequences out of 15000+600000
 15130 words of font info for 37 fonts, out of 8000000 for 9000
 1141 hyphenation exceptions out of 8191
 29i,10n,32p,944b,545s stack positions out of 5000i,500n,10000p,200000b,80000s
{c:/texlive/2017/texmf-dist/fonts/enc/dvips/cm-super/cm-super-t1.enc}<c:/texl
ive/2017/texmf-dist/fonts/type1/public/amsfonts/cm/cmex10.pfb><c:/texlive/2017/
texmf-dist/fonts/type1/public/amsfonts/cm/cmmi10.pfb><c:/texlive/2017/texmf-dis
t/fonts/type1/public/amsfonts/cm/cmmi6.pfb><c:/texlive/2017/texmf-dist/fonts/ty
pe1/public/amsfonts/cm/cmmi8.pfb><c:/texlive/2017/texmf-dist/fonts/type1/public
/amsfonts/cm/cmr10.pfb><c:/texlive/2017/texmf-dist/fonts/type1/public/amsfonts/
cm/cmr6.pfb><c:/texlive/2017/texmf-dist/fonts/type1/public/amsfonts/cm/cmr8.pfb
><c:/texlive/2017/texmf-dist/fonts/type1/public/amsfonts/cm/cmsy10.pfb><c:/texl
ive/2017/texmf-dist/fonts/type1/public/amsfonts/cm/cmsy8.pfb><c:/texlive/2017/t
exmf-dist/fonts/type1/public/cm-super/sfbx1095.pfb><c:/texlive/2017/texmf-dist/
fonts/type1/public/cm-super/sfbx1200.pfb><c:/texlive/2017/texmf-dist/fonts/type
1/public/cm-super/sfbx1440.pfb><c:/texlive/2017/texmf-dist/fonts/type1/public/c
m-super/sfrm1095.pfb><c:/texlive/2017/texmf-dist/fonts/type1/public/cm-super/sf
rm2074.pfb><c:/texlive/2017/texmf-dist/fonts/type1/public/cm-super/sfsl1095.pfb
><c:/texlive/2017/texmf-dist/fonts/type1/public/cm-super/sftt1095.pfb>
Output written on seminararbeit.pdf (28 pages, 1551721 bytes).
PDF statistics:
 488 PDF objects out of 1000 (max. 8388607)
 410 compressed objects within 5 object streams
 110 named destinations out of 1000 (max. 500000)
 403 words of extra memory for PDF output out of 10000 (max. 10000000)

